<?xml version="1.0" encoding="UTF-8"?>
<testsuite xmlns:xsi="http://www.w3.org/2001/XMLSchema-instance" xsi:noNamespaceSchemaLocation="https://maven.apache.org/surefire/maven-surefire-plugin/xsd/surefire-test-report-3.0.xsd" version="3.0" name="com.student.tests.CrudTest" time="5.632" tests="2" errors="0" skipped="0" failures="0">
  <properties>
[...]
</properties>
  <testcase name="createNewStudent" classname="com.student.tests.CrudTest" time="4.159">
    <system-out><![CDATA[+++++++++++++++++++++++++++++++++++++++++++++++++
CREATENEWSTUDENT
+++++++++++++++++++++++++++++++++++++++++++++++++
]]></system-out>
    <system-err><![CDATA[SLF4J(W): No SLF4J providers were found.
SLF4J(W): Defaulting to no-operation (NOP) logger implementation
SLF4J(W): See https://www.slf4j.org/codes.html#noProviders for further details.
]]></system-err>
  </testcase>
  <testcase name="getAllStudents" classname="com.student.tests.CrudTest" time="0.161">
    <system-out><![CDATA[+++++++++++++++++++++++++++++++++++++++++++++++++
GETALLSTUDENTS
+++++++++++++++++++++++++++++++++++++++++++++++++
]]></system-out>
  </testcase>
</testsuite>